#
# There is insufficient memory for the Java Runtime Environment to continue.
# Native memory allocation (mmap) failed to map 65536 bytes for Failed to commit metaspace.
# Possible reasons:
#   The system is out of physical RAM or swap space
#   The process is running with CompressedOops enabled, and the Java Heap may be blocking the growth of the native heap
# Possible solutions:
#   Reduce memory load on the system
#   Increase physical memory or swap space
#   Check if swap backing store is full
#   Decrease Java heap size (-Xmx/-Xms)
#   Decrease number of Java threads
#   Decrease Java thread stack sizes (-Xss)
#   Set larger code cache with -XX:ReservedCodeCacheSize=
#   JVM is running with Zero Based Compressed Oops mode in which the Java heap is
#     placed in the first 32GB address space. The Java Heap base address is the
#     maximum limit for the native heap growth. Please use -XX:HeapBaseMinAddress
#     to set the Java Heap base and to place the Java Heap above 32GB virtual address.
# This output file may be truncated or incomplete.
#
#  Out of Memory Error (virtualSpaceNode.cpp:110), pid=14516, tid=18000
#
# JRE version: Java(TM) SE Runtime Environment (17.0.6+9) (build 17.0.6+9-LTS-190)
# Java VM: Java HotSpot(TM) 64-Bit Server VM (17.0.6+9-LTS-190, mixed mode, emulated-client, sharing, tiered, compressed oops, compressed class ptrs, g1 gc, windows-amd64)
# No core dump will be written. Minidumps are not enabled by default on client versions of Windows
#

---------------  S U M M A R Y ------------

Command Line: -XX:TieredStopAtLevel=1 -Dspring.output.ansi.enabled=always -Dcom.sun.management.jmxremote -Dspring.jmx.enabled=true -Dspring.liveBeansView.mbeanDomain -Dspring.application.admin.enabled=true -javaagent:C:\Program Files\JetBrains\IntelliJ IDEA 2022.2.4\lib\idea_rt.jar=60366:C:\Program Files\JetBrains\IntelliJ IDEA 2022.2.4\bin -Dfile.encoding=UTF-8 com.elearning.elearning_support.ElearningSupportApplication

Host: Intel(R) Core(TM) i7-9750H CPU @ 2.60GHz, 12 cores, 15G,  Windows 11 , 64 bit Build 26100 (10.0.26100.7019)
Time: Fri Dec 19 17:00:03 2025 SE Asia Standard Time elapsed time: 23.833334 seconds (0d 0h 0m 23s)

---------------  T H R E A D  ---------------

Current thread (0x000001875c35ef20):  JavaThread "restartedMain" [_thread_in_vm, id=18000, stack(0x000000477e700000,0x000000477e800000)]

Stack: [0x000000477e700000,0x000000477e800000]
Native frames: (J=compiled Java code, j=interpreted, Vv=VM code, C=native code)
V  [jvm.dll+0x6734ea]
V  [jvm.dll+0x7d18f4]
V  [jvm.dll+0x7d309e]
V  [jvm.dll+0x7d3703]
V  [jvm.dll+0x2433c5]
V  [jvm.dll+0x7cd9fb]
V  [jvm.dll+0x619546]
V  [jvm.dll+0x6195aa]
V  [jvm.dll+0x61bdcd]
V  [jvm.dll+0x619f06]
V  [jvm.dll+0x240e9c]
V  [jvm.dll+0x6c995d]
V  [jvm.dll+0x6ca35f]
V  [jvm.dll+0x36b265]
V  [jvm.dll+0x36a442]
V  [jvm.dll+0x36a3e8]
V  [jvm.dll+0x55ba75]
V  [jvm.dll+0x55a994]
V  [jvm.dll+0x37e0d1]
V  [jvm.dll+0x37d72f]
C  0x000001874a7c9222

Java frames: (J=compiled Java code, j=interpreted, Vv=VM code)
j  java.nio.file.Files.createTempDirectory(Ljava/lang/String;[Ljava/nio/file/attribute/FileAttribute;)Ljava/nio/file/Path;+3 java.base@17.0.6
j  org.springframework.boot.web.server.AbstractConfigurableWebServerFactory.createTempDir(Ljava/lang/String;)Ljava/io/File;+35
j  org.springframework.boot.web.embedded.tomcat.TomcatServletWebServerFactory.getWebServer([Lorg/springframework/boot/web/servlet/ServletContextInitializer;)Lorg/springframework/boot/web/server/WebServer;+35
j  org.springframework.boot.web.servlet.context.ServletWebServerApplicationContext.createWebServer()V+67
j  org.springframework.boot.web.servlet.context.ServletWebServerApplicationContext.onRefresh()V+5
j  org.springframework.context.support.AbstractApplicationContext.refresh()V+77
j  org.springframework.boot.web.servlet.context.ServletWebServerApplicationContext.refresh()V+1
j  org.springframework.boot.SpringApplication.refresh(Lorg/springframework/context/ConfigurableApplicationContext;)V+1
j  org.springframework.boot.SpringApplication.refreshContext(Lorg/springframework/context/ConfigurableApplicationContext;)V+16
j  org.springframework.boot.SpringApplication.run([Ljava/lang/String;)Lorg/springframework/context/ConfigurableApplicationContext;+107
j  org.springframework.boot.SpringApplication.run([Ljava/lang/Class;[Ljava/lang/String;)Lorg/springframework/context/ConfigurableApplicationContext;+9
j  org.springframework.boot.SpringApplication.run(Ljava/lang/Class;[Ljava/lang/String;)Lorg/springframework/context/ConfigurableApplicationContext;+9
j  com.elearning.elearning_support.ElearningSupportApplication.main([Ljava/lang/String;)V+3
v  ~StubRoutines::call_stub
j  jdk.internal.reflect.NativeMethodAccessorImpl.invoke0(Ljava/lang/reflect/Method;Ljava/lang/Object;[Ljava/lang/Object;)Ljava/lang/Object;+0 java.base@17.0.6
j  jdk.internal.reflect.NativeMethodAccessorImpl.invoke(Ljava/lang/Object;[Ljava/lang/Object;)Ljava/lang/Object;+133 java.base@17.0.6
j  jdk.internal.reflect.DelegatingMethodAccessorImpl.invoke(Ljava/lang/Object;[Ljava/lang/Object;)Ljava/lang/Object;+6 java.base@17.0.6
j  java.lang.reflect.Method.invoke(Ljava/lang/Object;[Ljava/lang/Object;)Ljava/lang/Object;+59 java.base@17.0.6
j  org.springframework.boot.devtools.restart.RestartLauncher.run()V+42
v  ~StubRoutines::call_stub

---------------  P R O C E S S  ---------------

Threads class SMR info:
_java_thread_list=0x000001875cd73b40, length=18, elements={
0x0000018742e9b9e0, 0x000001875a654430, 0x000001875a655780, 0x000001875a6626b0,
0x000001875a667180, 0x000001875a6682d0, 0x000001875a669420, 0x000001875a670e90,
0x000001875a6798b0, 0x000001875a71dec0, 0x000001875bb81fc0, 0x000001875bb8f570,
0x000001875bfbe560, 0x000001875c35ea50, 0x000001875c35ef20, 0x000001875c7edd90,
0x000001875c77b780, 0x000001875cd72cb0
}

Java Threads: ( => current thread )
  0x0000018742e9b9e0 JavaThread "main" [_thread_blocked, id=20260, stack(0x000000477c700000,0x000000477c800000)]
  0x000001875a654430 JavaThread "Reference Handler" daemon [_thread_blocked, id=8524, stack(0x000000477ce00000,0x000000477cf00000)]
  0x000001875a655780 JavaThread "Finalizer" daemon [_thread_blocked, id=7708, stack(0x000000477cf00000,0x000000477d000000)]
  0x000001875a6626b0 JavaThread "Signal Dispatcher" daemon [_thread_blocked, id=16608, stack(0x000000477d000000,0x000000477d100000)]
  0x000001875a667180 JavaThread "Attach Listener" daemon [_thread_blocked, id=23488, stack(0x000000477d100000,0x000000477d200000)]
  0x000001875a6682d0 JavaThread "Service Thread" daemon [_thread_blocked, id=19844, stack(0x000000477d200000,0x000000477d300000)]
  0x000001875a669420 JavaThread "Monitor Deflation Thread" daemon [_thread_blocked, id=13552, stack(0x000000477d300000,0x000000477d400000)]
  0x000001875a670e90 JavaThread "C1 CompilerThread0" daemon [_thread_blocked, id=6984, stack(0x000000477d400000,0x000000477d500000)]
  0x000001875a6798b0 JavaThread "Sweeper thread" daemon [_thread_blocked, id=21904, stack(0x000000477d500000,0x000000477d600000)]
  0x000001875a71dec0 JavaThread "Common-Cleaner" daemon [_thread_blocked, id=11068, stack(0x000000477d600000,0x000000477d700000)]
  0x000001875bb81fc0 JavaThread "Monitor Ctrl-Break" daemon [_thread_in_native, id=6340, stack(0x000000477d900000,0x000000477da00000)]
  0x000001875bb8f570 JavaThread "Notification Thread" daemon [_thread_blocked, id=7876, stack(0x000000477da00000,0x000000477db00000)]
  0x000001875bfbe560 JavaThread "RMI TCP Accept-0" daemon [_thread_in_native, id=7240, stack(0x000000477db00000,0x000000477dc00000)]
  0x000001875c35ea50 JavaThread "Thread-0" [_thread_blocked, id=20044, stack(0x000000477e600000,0x000000477e700000)]
=>0x000001875c35ef20 JavaThread "restartedMain" [_thread_in_vm, id=18000, stack(0x000000477e700000,0x000000477e800000)]
  0x000001875c7edd90 JavaThread "C1 CompilerThread1" daemon [_thread_blocked, id=24464, stack(0x000000477d700000,0x000000477d800000)]
  0x000001875c77b780 JavaThread "C1 CompilerThread2" daemon [_thread_blocked, id=20308, stack(0x000000477d800000,0x000000477d900000)]
  0x000001875cd72cb0 JavaThread "C1 CompilerThread3" daemon [_thread_blocked, id=500, stack(0x000000477eb00000,0x000000477ec00000)]

Other Threads:
  0x000001875a64bda0 VMThread "VM Thread" [stack: 0x000000477cd00000,0x000000477ce00000] [id=27236]
  0x000001875a820a40 WatcherThread [stack: 0x000000477dc00000,0x000000477dd00000] [id=20460]
  0x0000018742f0b3f0 GCTaskThread "GC Thread#0" [stack: 0x000000477c800000,0x000000477c900000] [id=23572]
  0x000001875c009aa0 GCTaskThread "GC Thread#1" [stack: 0x000000477dd00000,0x000000477de00000] [id=3348]
  0x000001875c006fe0 GCTaskThread "GC Thread#2" [stack: 0x000000477de00000,0x000000477df00000] [id=12456]
  0x000001875c007290 GCTaskThread "GC Thread#3" [stack: 0x000000477df00000,0x000000477e000000] [id=18112]
  0x000001875bfc33c0 GCTaskThread "GC Thread#4" [stack: 0x000000477e000000,0x000000477e100000] [id=26188]
  0x000001875bfc3670 GCTaskThread "GC Thread#5" [stack: 0x000000477e100000,0x000000477e200000] [id=21052]
  0x000001875c352ae0 GCTaskThread "GC Thread#6" [stack: 0x000000477e400000,0x000000477e500000] [id=27620]
  0x000001875c353da0 GCTaskThread "GC Thread#7" [stack: 0x000000477e500000,0x000000477e600000] [id=18808]
  0x000001875c62b530 GCTaskThread "GC Thread#8" [stack: 0x000000477e900000,0x000000477ea00000] [id=27608]
  0x000001875c62b7e0 GCTaskThread "GC Thread#9" [stack: 0x000000477ea00000,0x000000477eb00000] [id=23620]
  0x0000018742f1cad0 ConcurrentGCThread "G1 Main Marker" [stack: 0x000000477c900000,0x000000477ca00000] [id=17896]
  0x0000018742f1db20 ConcurrentGCThread "G1 Conc#0" [stack: 0x000000477ca00000,0x000000477cb00000] [id=1248]
  0x000001875c896280 ConcurrentGCThread "G1 Conc#1" [stack: 0x000000477e300000,0x000000477e400000] [id=25000]
  0x000001875c145080 ConcurrentGCThread "G1 Conc#2" [stack: 0x000000477e800000,0x000000477e900000] [id=26092]
  0x000001875a2e1c70 ConcurrentGCThread "G1 Refine#0" [stack: 0x000000477cb00000,0x000000477cc00000] [id=12640]
  0x000001875bfaf2d0 ConcurrentGCThread "G1 Refine#1" [stack: 0x000000477e200000,0x000000477e300000] [id=9736]
  0x000001875a2e2530 ConcurrentGCThread "G1 Service" [stack: 0x000000477cc00000,0x000000477cd00000] [id=23580]

Threads with active compile tasks:

VM state: not at safepoint (normal execution)

VM Mutex/Monitor currently owned by a thread:  ([mutex/lock_event])
[0x00000187414bd3f0] Metaspace_lock - owner thread: 0x000001875c35ef20

Heap address: 0x0000000702600000, size: 4058 MB, Compressed Oops mode: Zero based, Oop shift amount: 3

CDS archive(s) mapped at: [0x0000000800000000-0x0000000800bd0000-0x0000000800bd0000), size 12386304, SharedBaseAddress: 0x0000000800000000, ArchiveRelocationMode: 0.
Compressed class space mapped at: 0x0000000800c00000-0x0000000840c00000, reserved size: 1073741824
Narrow klass base: 0x0000000800000000, Narrow klass shift: 0, Narrow klass range: 0x100000000

GC Precious Log:
 CPUs: 12 total, 12 available
 Memory: 16226M
 Large Page Support: Disabled
 NUMA Support: Disabled
 Compressed Oops: Enabled (Zero based)
 Heap Region Size: 2M
 Heap Min Capacity: 8M
 Heap Initial Capacity: 254M
 Heap Max Capacity: 4058M
 Pre-touch: Disabled
 Parallel Workers: 10
 Concurrent Workers: 3
 Concurrent Refinement Workers: 10
 Periodic GC: Disabled

Heap:
 garbage-first heap   total 81920K, used 31368K [0x0000000702600000, 0x0000000800000000)
  region size 2048K, 5 young (10240K), 3 survivors (6144K)
 Metaspace       used 34881K, committed 35200K, reserved 1081344K
  class space    used 4756K, committed 4928K, reserved 1048576K

Heap Regions: E=young(eden), S=young(survivor), O=old, HS=humongous(starts), HC=humongous(continues), CS=collection set, F=free, OA=open archive, CA=closed archive, TAMS=top-at-mark-start (previous, next)
|   0|0x0000000702600000, 0x0000000702800000, 0x0000000702800000|100%| O|  |TAMS 0x0000000702800000, 0x0000000702600000| Untracked 
|   1|0x0000000702800000, 0x0000000702a00000, 0x0000000702a00000|100%| O|  |TAMS 0x0000000702a00000, 0x0000000702800000| Untracked 
|   2|0x0000000702a00000, 0x0000000702c00000, 0x0000000702c00000|100%| O|  |TAMS 0x0000000702c00000, 0x0000000702a00000| Untracked 
|   3|0x0000000702c00000, 0x0000000702e00000, 0x0000000702e00000|100%| O|  |TAMS 0x0000000702e00000, 0x0000000702c00000| Untracked 
|   4|0x0000000702e00000, 0x0000000703000000, 0x0000000703000000|100%| O|  |TAMS 0x0000000703000000, 0x0000000702e00000| Untracked 
|   5|0x0000000703000000, 0x0000000703200000, 0x0000000703200000|100%| O|  |TAMS 0x0000000703200000, 0x0000000703000000| Untracked 
|   6|0x0000000703200000, 0x0000000703200000, 0x0000000703400000|  0%| F|  |TAMS 0x0000000703200000, 0x0000000703200000| Untracked 
|   7|0x0000000703400000, 0x0000000703600000, 0x0000000703600000|100%| O|  |TAMS 0x0000000703400000, 0x0000000703400000| Untracked 
|   8|0x0000000703600000, 0x0000000703800000, 0x0000000703800000|100%| O|  |TAMS 0x0000000703600000, 0x0000000703600000| Untracked 
|   9|0x0000000703800000, 0x0000000703a00000, 0x0000000703a00000|100%| O|  |TAMS 0x0000000703800000, 0x0000000703800000| Untracked 
|  10|0x0000000703a00000, 0x0000000703c00000, 0x0000000703c00000|100%| O|  |TAMS 0x0000000703a00000, 0x0000000703a00000| Untracked 
|  11|0x0000000703c00000, 0x0000000703e00000, 0x0000000703e00000|100%| O|  |TAMS 0x0000000703c00000, 0x0000000703c00000| Untracked 
|  12|0x0000000703e00000, 0x0000000703ecc000, 0x0000000704000000| 39%| O|  |TAMS 0x0000000703e00000, 0x0000000703e00000| Untracked 
|  13|0x0000000704000000, 0x0000000704000000, 0x0000000704200000|  0%| F|  |TAMS 0x0000000704000000, 0x0000000704000000| Untracked 
|  14|0x0000000704200000, 0x0000000704200000, 0x0000000704400000|  0%| F|  |TAMS 0x0000000704200000, 0x0000000704200000| Untracked 
|  15|0x0000000704400000, 0x0000000704400000, 0x0000000704600000|  0%| F|  |TAMS 0x0000000704400000, 0x0000000704400000| Untracked 
|  16|0x0000000704600000, 0x0000000704600000, 0x0000000704800000|  0%| F|  |TAMS 0x0000000704600000, 0x0000000704600000| Untracked 
|  17|0x0000000704800000, 0x0000000704800000, 0x0000000704a00000|  0%| F|  |TAMS 0x0000000704800000, 0x0000000704800000| Untracked 
|  18|0x0000000704a00000, 0x0000000704a00000, 0x0000000704c00000|  0%| F|  |TAMS 0x0000000704a00000, 0x0000000704a00000| Untracked 
|  19|0x0000000704c00000, 0x0000000704dd6280, 0x0000000704e00000| 91%| S|CS|TAMS 0x0000000704c00000, 0x0000000704c00000| Complete 
|  20|0x0000000704e00000, 0x0000000705000000, 0x0000000705000000|100%| S|CS|TAMS 0x0000000704e00000, 0x0000000704e00000| Complete 
|  21|0x0000000705000000, 0x0000000705200000, 0x0000000705200000|100%| S|CS|TAMS 0x0000000705000000, 0x0000000705000000| Complete 
|  22|0x0000000705200000, 0x0000000705200000, 0x0000000705400000|  0%| F|  |TAMS 0x0000000705200000, 0x0000000705200000| Untracked 
|  23|0x0000000705400000, 0x0000000705400000, 0x0000000705600000|  0%| F|  |TAMS 0x0000000705400000, 0x0000000705400000| Untracked 
|  24|0x0000000705600000, 0x0000000705600000, 0x0000000705800000|  0%| F|  |TAMS 0x0000000705600000, 0x0000000705600000| Untracked 
|  25|0x0000000705800000, 0x0000000705800000, 0x0000000705a00000|  0%| F|  |TAMS 0x0000000705800000, 0x0000000705800000| Untracked 
|  26|0x0000000705a00000, 0x0000000705a00000, 0x0000000705c00000|  0%| F|  |TAMS 0x0000000705a00000, 0x0000000705a00000| Untracked 
|  27|0x0000000705c00000, 0x0000000705c00000, 0x0000000705e00000|  0%| F|  |TAMS 0x0000000705c00000, 0x0000000705c00000| Untracked 
|  28|0x0000000705e00000, 0x0000000705e00000, 0x0000000706000000|  0%| F|  |TAMS 0x0000000705e00000, 0x0000000705e00000| Untracked 
|  29|0x0000000706000000, 0x0000000706000000, 0x0000000706200000|  0%| F|  |TAMS 0x0000000706000000, 0x0000000706000000| Untracked 
|  30|0x0000000706200000, 0x0000000706200000, 0x0000000706400000|  0%| F|  |TAMS 0x0000000706200000, 0x0000000706200000| Untracked 
|  31|0x0000000706400000, 0x0000000706400000, 0x0000000706600000|  0%| F|  |TAMS 0x0000000706400000, 0x0000000706400000| Untracked 
|  32|0x0000000706600000, 0x0000000706600000, 0x0000000706800000|  0%| F|  |TAMS 0x0000000706600000, 0x0000000706600000| Untracked 
|  33|0x0000000706800000, 0x0000000706800000, 0x0000000706a00000|  0%| F|  |TAMS 0x0000000706800000, 0x0000000706800000| Untracked 
|  34|0x0000000706a00000, 0x0000000706a00000, 0x0000000706c00000|  0%| F|  |TAMS 0x0000000706a00000, 0x0000000706a00000| Untracked 
|  88|0x000000070d600000, 0x000000070d600000, 0x000000070d800000|  0%| F|  |TAMS 0x000000070d600000, 0x000000070d600000| Untracked 
|  89|0x000000070d800000, 0x000000070d800000, 0x000000070da00000|  0%| F|  |TAMS 0x000000070d800000, 0x000000070d800000| Untracked 
|  90|0x000000070da00000, 0x000000070da00000, 0x000000070dc00000|  0%| F|  |TAMS 0x000000070da00000, 0x000000070da00000| Untracked 
|  91|0x000000070dc00000, 0x000000070ddace80, 0x000000070de00000| 83%| E|  |TAMS 0x000000070dc00000, 0x000000070dc00000| Complete 
| 126|0x0000000712200000, 0x0000000712400000, 0x0000000712400000|100%| E|CS|TAMS 0x0000000712200000, 0x0000000712200000| Complete 

Card table byte_map: [0x000001874ea40000,0x000001874f230000] _byte_map_base: 0x000001874b22d000

Marking Bits (Prev, Next): (CMBitMap*) 0x0000018742f0b8e0, (CMBitMap*) 0x0000018742f0b8a0
 Prev Bits: [0x0000018753990000, 0x00000187578f8000)
 Next Bits: [0x000001874fa20000, 0x0000018753988000)

Polling page: 0x0000018741670000

Metaspace:

Usage:
  Non-class:     29.42 MB used.
      Class:      4.64 MB used.
       Both:     34.06 MB used.

Virtual space:
  Non-class space:       32.00 MB reserved,      29.56 MB ( 92%) committed,  4 nodes.
      Class space:        1.00 GB reserved,       4.81 MB ( <1%) committed,  1 nodes.
             Both:        1.03 GB reserved,      34.38 MB (  3%) committed. 

Chunk freelists:
   Non-Class:  1.78 MB
       Class:  3.22 MB
        Both:  5.00 MB

MaxMetaspaceSize: unlimited
CompressedClassSpaceSize: 1.00 GB
Initial GC threshold: 21.00 MB
Current GC threshold: 35.12 MB
CDS: on
MetaspaceReclaimPolicy: balanced
 - commit_granule_bytes: 65536.
 - commit_granule_words: 8192.
 - virtual_space_node_default_size: 1048576.
 - enlarge_chunks_in_place: 1.
 - new_chunks_are_fully_committed: 0.
 - uncommit_free_chunks: 1.
 - use_allocation_guard: 0.
 - handle_deallocations: 1.


Internal statistics:

num_allocs_failed_limit: 3.
num_arena_births: 332.
num_arena_deaths: 0.
num_vsnodes_births: 5.
num_vsnodes_deaths: 0.
num_space_committed: 550.
num_space_uncommitted: 0.
num_chunks_returned_to_freelist: 3.
num_chunks_taken_from_freelist: 1549.
num_chunk_merges: 3.
num_chunk_splits: 1097.
num_chunks_enlarged: 856.
num_purges: 0.
num_inconsistent_stats: 0.

CodeCache: size=49152Kb used=10569Kb max_used=10569Kb free=38582Kb
 bounds [0x000001874a7b0000, 0x000001874b210000, 0x000001874d7b0000]
 total_blobs=5184 nmethods=4688 adapters=420
 compilation: enabled
              stopped_count=0, restarted_count=0
 full_count=0

Compilation events (20 events):
Event: 23.701 Thread 0x000001875c77b780 nmethod 4677 0x000001874b1fdf90 code [0x000001874b1fe180, 0x000001874b1fe768]
Event: 23.701 Thread 0x000001875c7edd90 nmethod 4676 0x000001874b1fe990 code [0x000001874b1fece0, 0x000001874b1ff928]
Event: 23.709 Thread 0x000001875c7edd90 4681       1       org.springframework.core.annotation.TypeMappedAnnotations::getAggregates (51 bytes)
Event: 23.709 Thread 0x000001875c77b780 4682       1       org.springframework.core.annotation.TypeMappedAnnotations$AggregatesCollector::<init> (6 bytes)
Event: 23.709 Thread 0x000001875a670e90 4683       1       org.springframework.core.annotation.TypeMappedAnnotations$AggregatesCollector::<init> (21 bytes)
Event: 23.709 Thread 0x000001875cd72cb0 4684       1       org.springframework.core.annotation.TypeMappedAnnotations$AggregatesCollector::finish (9 bytes)
Event: 23.710 Thread 0x000001875cd72cb0 nmethod 4684 0x000001874b1fff10 code [0x000001874b2000a0, 0x000001874b2001b8]
Event: 23.710 Thread 0x000001875cd72cb0 4685       1       org.springframework.core.annotation.TypeMappedAnnotations$AggregatesCollector::finish (5 bytes)
Event: 23.710 Thread 0x000001875a670e90 nmethod 4683 0x000001874b200290 code [0x000001874b200420, 0x000001874b200678]
Event: 23.710 Thread 0x000001875c77b780 nmethod 4682 0x000001874b200710 code [0x000001874b2008a0, 0x000001874b200b18]
Event: 23.710 Thread 0x000001875cd72cb0 nmethod 4685 0x000001874b200c10 code [0x000001874b200da0, 0x000001874b200e78]
Event: 23.710 Thread 0x000001875c7edd90 nmethod 4681 0x000001874b200f10 code [0x000001874b2010e0, 0x000001874b201518]
Event: 23.710 Thread 0x000001875c7edd90 4686       1       java.lang.Throwable::<init> (34 bytes)
Event: 23.711 Thread 0x000001875c7edd90 nmethod 4686 0x000001874b201690 code [0x000001874b201840, 0x000001874b201ae8]
Event: 23.723 Thread 0x000001875c7edd90 4687       1       java.nio.charset.CharsetDecoder::<init> (10 bytes)
Event: 23.723 Thread 0x000001875c7edd90 nmethod 4687 0x000001874b201b90 code [0x000001874b201d20, 0x000001874b201e08]
Event: 23.775 Thread 0x000001875cd72cb0 4688       1       java.nio.charset.CharsetDecoder::reset (11 bytes)
Event: 23.775 Thread 0x000001875c7edd90 4689       1       java.nio.charset.CharsetDecoder::implReset (1 bytes)
Event: 23.775 Thread 0x000001875cd72cb0 nmethod 4688 0x000001874b201e90 code [0x000001874b202020, 0x000001874b2020f8]
Event: 23.775 Thread 0x000001875c7edd90 nmethod 4689 0x000001874b202190 code [0x000001874b202320, 0x000001874b2023d8]

GC Heap History (18 events):
Event: 3.301 GC heap before
{Heap before GC invocations=0 (full 0):
 garbage-first heap   total 260096K, used 20480K [0x0000000702600000, 0x0000000800000000)
  region size 2048K, 11 young (22528K), 0 survivors (0K)
 Metaspace       used 4357K, committed 4544K, reserved 1056768K
  class space    used 532K, committed 640K, reserved 1048576K
}
Event: 3.310 GC heap after
{Heap after GC invocations=1 (full 0):
 garbage-first heap   total 260096K, used 13504K [0x0000000702600000, 0x0000000800000000)
  region size 2048K, 2 young (4096K), 2 survivors (4096K)
 Metaspace       used 4357K, committed 4544K, reserved 1056768K
  class space    used 532K, committed 640K, reserved 1048576K
}
Event: 4.302 GC heap before
{Heap before GC invocations=1 (full 0):
 garbage-first heap   total 260096K, used 25792K [0x0000000702600000, 0x0000000800000000)
  region size 2048K, 8 young (16384K), 2 survivors (4096K)
 Metaspace       used 6809K, committed 6976K, reserved 1056768K
  class space    used 838K, committed 896K, reserved 1048576K
}
Event: 4.307 GC heap after
{Heap after GC invocations=2 (full 0):
 garbage-first heap   total 260096K, used 14851K [0x0000000702600000, 0x0000000800000000)
  region size 2048K, 1 young (2048K), 1 survivors (2048K)
 Metaspace       used 6809K, committed 6976K, reserved 1056768K
  class space    used 838K, committed 896K, reserved 1048576K
}
Event: 6.247 GC heap before
{Heap before GC invocations=2 (full 0):
 garbage-first heap   total 260096K, used 55811K [0x0000000702600000, 0x0000000800000000)
  region size 2048K, 22 young (45056K), 1 survivors (2048K)
 Metaspace       used 14437K, committed 14720K, reserved 1064960K
  class space    used 1924K, committed 2048K, reserved 1048576K
}
Event: 6.252 GC heap after
{Heap after GC invocations=3 (full 0):
 garbage-first heap   total 260096K, used 17141K [0x0000000702600000, 0x0000000800000000)
  region size 2048K, 2 young (4096K), 2 survivors (4096K)
 Metaspace       used 14437K, committed 14720K, reserved 1064960K
  class space    used 1924K, committed 2048K, reserved 1048576K
}
Event: 18.061 GC heap before
{Heap before GC invocations=3 (full 0):
 garbage-first heap   total 260096K, used 82677K [0x0000000702600000, 0x0000000800000000)
  region size 2048K, 35 young (71680K), 2 survivors (4096K)
 Metaspace       used 21231K, committed 21504K, reserved 1073152K
  class space    used 2799K, committed 2944K, reserved 1048576K
}
Event: 18.069 GC heap after
{Heap after GC invocations=4 (full 0):
 garbage-first heap   total 260096K, used 21217K [0x0000000702600000, 0x0000000800000000)
  region size 2048K, 4 young (8192K), 4 survivors (8192K)
 Metaspace       used 21231K, committed 21504K, reserved 1073152K
  class space    used 2799K, committed 2944K, reserved 1048576K
}
Event: 19.896 GC heap before
{Heap before GC invocations=5 (full 0):
 garbage-first heap   total 81920K, used 62177K [0x0000000702600000, 0x0000000800000000)
  region size 2048K, 24 young (49152K), 4 survivors (8192K)
 Metaspace       used 24972K, committed 25344K, reserved 1073152K
  class space    used 3286K, committed 3456K, reserved 1048576K
}
Event: 19.906 GC heap after
{Heap after GC invocations=6 (full 0):
 garbage-first heap   total 81920K, used 23305K [0x0000000702600000, 0x0000000800000000)
  region size 2048K, 2 young (4096K), 2 survivors (4096K)
 Metaspace       used 24972K, committed 25344K, reserved 1073152K
  class space    used 3286K, committed 3456K, reserved 1048576K
}
Event: 19.935 GC heap before
{Heap before GC invocations=6 (full 0):
 garbage-first heap   total 81920K, used 25353K [0x0000000702600000, 0x0000000800000000)
  region size 2048K, 3 young (6144K), 2 survivors (4096K)
 Metaspace       used 24972K, committed 25344K, reserved 1073152K
  class space    used 3286K, committed 3456K, reserved 1048576K
}
Event: 19.939 GC heap after
{Heap after GC invocations=7 (full 0):
 garbage-first heap   total 81920K, used 23594K [0x0000000702600000, 0x0000000800000000)
  region size 2048K, 1 young (2048K), 1 survivors (2048K)
 Metaspace       used 24972K, committed 25344K, reserved 1073152K
  class space    used 3286K, committed 3456K, reserved 1048576K
}
Event: 21.004 GC heap before
{Heap before GC invocations=7 (full 0):
 garbage-first heap   total 81920K, used 52266K [0x0000000702600000, 0x0000000800000000)
  region size 2048K, 15 young (30720K), 1 survivors (2048K)
 Metaspace       used 27260K, committed 27520K, reserved 1073152K
  class space    used 3665K, committed 3776K, reserved 1048576K
}
Event: 21.009 GC heap after
{Heap after GC invocations=8 (full 0):
 garbage-first heap   total 81920K, used 24937K [0x0000000702600000, 0x0000000800000000)
  region size 2048K, 1 young (2048K), 1 survivors (2048K)
 Metaspace       used 27260K, committed 27520K, reserved 1073152K
  class space    used 3665K, committed 3776K, reserved 1048576K
}
Event: 22.065 GC heap before
{Heap before GC invocations=8 (full 0):
 garbage-first heap   total 81920K, used 55657K [0x0000000702600000, 0x0000000800000000)
  region size 2048K, 16 young (32768K), 1 survivors (2048K)
 Metaspace       used 29950K, committed 30272K, reserved 1081344K
  class space    used 4026K, committed 4160K, reserved 1048576K
}
Event: 22.070 GC heap after
{Heap after GC invocations=9 (full 0):
 garbage-first heap   total 81920K, used 26400K [0x0000000702600000, 0x0000000800000000)
  region size 2048K, 2 young (4096K), 2 survivors (4096K)
 Metaspace       used 29950K, committed 30272K, reserved 1081344K
  class space    used 4026K, committed 4160K, reserved 1048576K
}
Event: 23.634 GC heap before
{Heap before GC invocations=9 (full 0):
 garbage-first heap   total 81920K, used 59168K [0x0000000702600000, 0x0000000800000000)
  region size 2048K, 18 young (36864K), 2 survivors (4096K)
 Metaspace       used 34649K, committed 34944K, reserved 1081344K
  class space    used 4723K, committed 4864K, reserved 1048576K
}
Event: 23.641 GC heap after
{Heap after GC invocations=10 (full 0):
 garbage-first heap   total 81920K, used 29320K [0x0000000702600000, 0x0000000800000000)
  region size 2048K, 3 young (6144K), 3 survivors (6144K)
 Metaspace       used 34649K, committed 34944K, reserved 1081344K
  class space    used 4723K, committed 4864K, reserved 1048576K
}

Deoptimization events (10 events):
Event: 3.503 Thread 0x0000018742e9b9e0 DEOPT PACKING pc=0x000001874aa6ffe5 sp=0x000000477c7fc8d0
Event: 3.503 Thread 0x0000018742e9b9e0 DEOPT UNPACKING pc=0x000001874a802b43 sp=0x000000477c7fbe38 mode 3
Event: 6.557 Thread 0x000001875c35ef20 DEOPT PACKING pc=0x000001874adf5079 sp=0x000000477e7fcd60
Event: 6.557 Thread 0x000001875c35ef20 DEOPT UNPACKING pc=0x000001874a802b43 sp=0x000000477e7fc240 mode 3
Event: 6.813 Thread 0x000001875c35ef20 DEOPT PACKING pc=0x000001874adb4a44 sp=0x000000477e7fd280
Event: 6.814 Thread 0x000001875c35ef20 DEOPT UNPACKING pc=0x000001874a802b43 sp=0x000000477e7fc7b0 mode 0
Event: 20.048 Thread 0x000001875c35ef20 DEOPT PACKING pc=0x000001874adfc6d4 sp=0x000000477e7fd2c0
Event: 20.048 Thread 0x000001875c35ef20 DEOPT UNPACKING pc=0x000001874a802b43 sp=0x000000477e7fc818 mode 0
Event: 23.592 Thread 0x000001875c35ef20 DEOPT PACKING pc=0x000001874b162d8a sp=0x000000477e7fb3f0
Event: 23.592 Thread 0x000001875c35ef20 DEOPT UNPACKING pc=0x000001874a802b43 sp=0x000000477e7fa988 mode 0

Classes unloaded (0 events):
No events

Classes redefined (0 events):
No events

Internal exceptions (20 events):
Event: 22.317 Thread 0x000001875c35ef20 Exception <a 'java/lang/IncompatibleClassChangeError'{0x000000070dbb12c0}: Found class java.lang.Object, but interface was expected> (0x000000070dbb12c0) 
thrown [s\open\src\hotspot\share\interpreter\linkResolver.cpp, line 826]
Event: 22.495 Thread 0x000001875c35ef20 Exception <a 'java/lang/ClassNotFoundException'{0x000000070d6cf360}: java/lang/ObjectCustomizer> (0x000000070d6cf360) 
thrown [s\open\src\hotspot\share\classfile\systemDictionary.cpp, line 256]
Event: 22.496 Thread 0x000001875c35ef20 Exception <a 'java/lang/ClassNotFoundException'{0x000000070d6dd8b8}: org/springframework/transaction/annotation/AbstractTransactionManagementConfigurationCustomizer> (0x000000070d6dd8b8) 
thrown [s\open\src\hotspot\share\classfile\systemDictionary.cpp, line 256]
Event: 22.497 Thread 0x000001875c35ef20 Exception <a 'java/lang/ClassNotFoundException'{0x000000070d6eae38}: org/springframework/transaction/annotation/ProxyTransactionManagementConfigurationCustomizer> (0x000000070d6eae38) 
thrown [s\open\src\hotspot\share\classfile\systemDictionary.cpp, line 256]
Event: 22.498 Thread 0x000001875c35ef20 Exception <a 'java/lang/ClassNotFoundException'{0x000000070d6f8a78}: org/springframework/context/annotation/ImportAwareCustomizer> (0x000000070d6f8a78) 
thrown [s\open\src\hotspot\share\classfile\systemDictionary.cpp, line 256]
Event: 22.499 Thread 0x000001875c35ef20 Exception <a 'java/lang/ClassNotFoundException'{0x000000070d703248}: org/springframework/beans/factory/AwareCustomizer> (0x000000070d703248) 
thrown [s\open\src\hotspot\share\classfile\systemDictionary.cpp, line 256]
Event: 22.791 Thread 0x000001875c35ef20 Exception <a 'java/lang/ArrayIndexOutOfBoundsException'{0x0000000706877758}: Index 5 out of bounds for length 5> (0x0000000706877758) 
thrown [s\open\src\hotspot\share\interpreter\interpreterRuntime.cpp, line 428]
Event: 22.792 Thread 0x000001875c35ef20 Exception <a 'java/lang/ArrayIndexOutOfBoundsException'{0x0000000706878018}: Index 5 out of bounds for length 5> (0x0000000706878018) 
thrown [s\open\src\hotspot\share\interpreter\interpreterRuntime.cpp, line 428]
Event: 22.981 Thread 0x000001875c35ef20 Exception <a 'java/lang/ArrayIndexOutOfBoundsException'{0x000000070671e8f8}: Index 15 out of bounds for length 15> (0x000000070671e8f8) 
thrown [s\open\src\hotspot\share\interpreter\interpreterRuntime.cpp, line 428]
Event: 22.981 Thread 0x000001875c35ef20 Exception <a 'java/lang/ArrayIndexOutOfBoundsException'{0x000000070671f168}: Index 15 out of bounds for length 15> (0x000000070671f168) 
thrown [s\open\src\hotspot\share\interpreter\interpreterRuntime.cpp, line 428]
Event: 23.084 Thread 0x000001875c35ef20 Exception <a 'java/lang/ClassNotFoundException'{0x00000007065d59f0}: java/lang/ObjectCustomizer> (0x00000007065d59f0) 
thrown [s\open\src\hotspot\share\classfile\systemDictionary.cpp, line 256]
Event: 23.085 Thread 0x000001875c35ef20 Exception <a 'java/lang/ClassNotFoundException'{0x00000007065e4680}: org/springframework/security/config/annotation/method/configuration/PrePostMethodSecurityConfigurationCustomizer> (0x00000007065e4680) 
thrown [s\open\src\hotspot\share\classfile\systemDictionary.cpp, line 256]
Event: 23.254 Thread 0x000001875c35ef20 Exception <a 'java/lang/NoSuchMethodError'{0x00000007060e9278}: 'int java.lang.invoke.DirectMethodHandle$Holder.invokeSpecial(java.lang.Object, java.lang.Object, java.lang.Object, java.lang.Object, java.lang.Object)'> (0x00000007060e9278) 
thrown [s\open\src\hotspot\share\interpreter\linkResolver.cpp, line 759]
Event: 23.358 Thread 0x000001875c35ef20 Exception <a 'java/lang/NoSuchMethodError'{0x0000000705f95d80}: 'java.lang.Object java.lang.invoke.DirectMethodHandle$Holder.invokeStatic(java.lang.Object, java.lang.Object, int)'> (0x0000000705f95d80) 
thrown [s\open\src\hotspot\share\interpreter\linkResolver.cpp, line 759]
Event: 23.359 Thread 0x000001875c35ef20 Exception <a 'java/lang/NoSuchMethodError'{0x0000000705fa19c8}: 'void java.lang.invoke.DelegatingMethodHandle$Holder.delegate(java.lang.Object, java.lang.Object, int, java.lang.Object)'> (0x0000000705fa19c8) 
thrown [s\open\src\hotspot\share\interpreter\linkResolver.cpp, line 759]
Event: 23.452 Thread 0x000001875c35ef20 Exception <a 'java/lang/NoSuchMethodError'{0x0000000705a93ec0}: 'void java.lang.invoke.DirectMethodHandle$Holder.invokeInterface(java.lang.Object, java.lang.Object, int)'> (0x0000000705a93ec0) 
thrown [s\open\src\hotspot\share\interpreter\linkResolver.cpp, line 759]
Event: 23.455 Thread 0x000001875c35ef20 Exception <a 'java/lang/NoSuchMethodError'{0x0000000705aad9a0}: 'int java.lang.invoke.DirectMethodHandle$Holder.invokeVirtual(java.lang.Object, java.lang.Object)'> (0x0000000705aad9a0) 
thrown [s\open\src\hotspot\share\interpreter\linkResolver.cpp, line 759]
Event: 23.460 Thread 0x000001875c35ef20 Exception <a 'java/lang/IncompatibleClassChangeError'{0x0000000705ae7020}: Found class java.lang.Object, but interface was expected> (0x0000000705ae7020) 
thrown [s\open\src\hotspot\share\interpreter\linkResolver.cpp, line 826]
Event: 23.460 Thread 0x000001875c35ef20 Exception <a 'java/lang/NoSuchMethodError'{0x0000000705aebab0}: 'void java.lang.invoke.DirectMethodHandle$Holder.invokeStatic(java.lang.Object, int, java.lang.Object)'> (0x0000000705aebab0) 
thrown [s\open\src\hotspot\share\interpreter\linkResolver.cpp, line 759]
Event: 23.465 Thread 0x000001875c35ef20 Exception <a 'java/lang/NoSuchMethodError'{0x0000000705b1a548}: 'int java.lang.invoke.DirectMethodHandle$Holder.invokeSpecial(java.lang.Object, java.lang.Object, int)'> (0x0000000705b1a548) 
thrown [s\open\src\hotspot\share\interpreter\linkResolver.cpp, line 759]

VM Operations (20 events):
Event: 22.240 Executing VM operation: HandshakeAllThreads
Event: 22.240 Executing VM operation: HandshakeAllThreads done
Event: 22.241 Executing VM operation: HandshakeAllThreads
Event: 22.241 Executing VM operation: HandshakeAllThreads done
Event: 22.775 Executing VM operation: HandshakeAllThreads
Event: 22.775 Executing VM operation: HandshakeAllThreads done
Event: 23.054 Executing VM operation: HandshakeAllThreads
Event: 23.054 Executing VM operation: HandshakeAllThreads done
Event: 23.105 Executing VM operation: HandshakeAllThreads
Event: 23.105 Executing VM operation: HandshakeAllThreads done
Event: 23.105 Executing VM operation: Cleanup
Event: 23.105 Executing VM operation: Cleanup done
Event: 23.592 Executing VM operation: HandshakeAllThreads
Event: 23.592 Executing VM operation: HandshakeAllThreads done
Event: 23.633 Executing VM operation: G1CollectForAllocation
Event: 23.641 Executing VM operation: G1CollectForAllocation done
Event: 23.804 Executing VM operation: HandshakeAllThreads
Event: 23.804 Executing VM operation: HandshakeAllThreads done
Event: 23.806 Executing VM operation: HandshakeAllThreads
Event: 23.806 Executing VM operation: HandshakeAllThreads done

Events (20 events):
Event: 23.804 loading class java/nio/channels/SocketChannel
Event: 23.806 loading class java/nio/channels/SocketChannel done
Event: 23.807 loading class java/lang/WrongThreadException
Event: 23.807 loading class java/lang/WrongThreadException done
Event: 23.807 loading class javax/net/ssl/SSLParameters
Event: 23.812 loading class javax/net/ssl/SSLParameters done
Event: 23.812 loading class java/security/AlgorithmConstraints
Event: 23.812 loading class java/security/AlgorithmConstraints done
Event: 23.812 loading class javax/net/ssl/SSLEngine
Event: 23.813 loading class javax/net/ssl/SSLEngine done
Event: 23.813 loading class javax/net/ssl/SSLEngineResult
Event: 23.815 loading class javax/net/ssl/SSLEngineResult done
Event: 23.815 loading class javax/net/ssl/SSLException
Event: 23.815 loading class javax/net/ssl/SSLException done
Event: 23.815 loading class javax/net/ssl/SSLSession
Event: 23.816 loading class javax/net/ssl/SSLSession done
Event: 23.816 loading class javax/net/ssl/SSLEngineResult$HandshakeStatus
Event: 23.816 loading class javax/net/ssl/SSLEngineResult$HandshakeStatus done
Event: 23.822 loading class java/nio/file/TempFileHelper
Event: 23.823 loading class java/nio/file/TempFileHelper done


Dynamic libraries:
0x00007ff714750000 - 0x00007ff714760000 	D:\download\jdk-17.0.6_windows-x64_bin\jdk-17.0.6\bin\java.exe
0x00007ffa4c6e0000 - 0x00007ffa4c948000 	C:\WINDOWS\SYSTEM32\ntdll.dll
0x00007ffa4b560000 - 0x00007ffa4b629000 	C:\WINDOWS\System32\KERNEL32.DLL
0x00007ffa498e0000 - 0x00007ffa49cd8000 	C:\WINDOWS\System32\KERNELBASE.dll
0x00007ffa4a330000 - 0x00007ffa4a47b000 	C:\WINDOWS\System32\ucrtbase.dll
0x00007ffa342a0000 - 0x00007ffa342b8000 	D:\download\jdk-17.0.6_windows-x64_bin\jdk-17.0.6\bin\jli.dll
0x00007ffa4a480000 - 0x00007ffa4a534000 	C:\WINDOWS\System32\ADVAPI32.dll
0x00007ffa4af30000 - 0x00007ffa4afd9000 	C:\WINDOWS\System32\msvcrt.dll
0x00007ffa4c5f0000 - 0x00007ffa4c696000 	C:\WINDOWS\System32\sechost.dll
0x00007ffa4a760000 - 0x00007ffa4a878000 	C:\WINDOWS\System32\RPCRT4.dll
0x00007ffa4c1b0000 - 0x00007ffa4c377000 	C:\WINDOWS\System32\USER32.dll
0x00007ffa30170000 - 0x00007ffa3018b000 	D:\download\jdk-17.0.6_windows-x64_bin\jdk-17.0.6\bin\VCRUNTIME140.dll
0x00007ffa49f00000 - 0x00007ffa49f27000 	C:\WINDOWS\System32\win32u.dll
0x00007ffa4a6f0000 - 0x00007ffa4a71b000 	C:\WINDOWS\System32\GDI32.dll
0x00007ffa4a140000 - 0x00007ffa4a26c000 	C:\WINDOWS\System32\gdi32full.dll
0x00007ffa31a90000 - 0x00007ffa31d24000 	C:\WINDOWS\WinSxS\amd64_microsoft.windows.common-controls_6595b64144ccf1df_6.0.26100.7019_none_3e06ffa0e335b8a8\COMCTL32.dll
0x00007ffa49830000 - 0x00007ffa498d3000 	C:\WINDOWS\System32\msvcp_win.dll
0x00007ffa42410000 - 0x00007ffa4241b000 	C:\WINDOWS\SYSTEM32\VERSION.dll
0x00007ffa4a720000 - 0x00007ffa4a751000 	C:\WINDOWS\System32\IMM32.DLL
0x00007ffa3ad80000 - 0x00007ffa3ad8c000 	D:\download\jdk-17.0.6_windows-x64_bin\jdk-17.0.6\bin\vcruntime140_1.dll
0x00007ffa09a40000 - 0x00007ffa09ace000 	D:\download\jdk-17.0.6_windows-x64_bin\jdk-17.0.6\bin\msvcp140.dll
0x00007ff99d640000 - 0x00007ff99e217000 	D:\download\jdk-17.0.6_windows-x64_bin\jdk-17.0.6\bin\server\jvm.dll
0x00007ffa4c400000 - 0x00007ffa4c408000 	C:\WINDOWS\System32\PSAPI.DLL
0x00007ffa41800000 - 0x00007ffa4180a000 	C:\WINDOWS\SYSTEM32\WSOCK32.dll
0x00007ffa39ca0000 - 0x00007ffa39cd5000 	C:\WINDOWS\SYSTEM32\WINMM.dll
0x00007ffa4bfe0000 - 0x00007ffa4c054000 	C:\WINDOWS\System32\WS2_32.dll
0x00007ffa485f0000 - 0x00007ffa4860b000 	C:\WINDOWS\SYSTEM32\kernel.appcore.dll
0x00007ffa3ac20000 - 0x00007ffa3ac2a000 	D:\download\jdk-17.0.6_windows-x64_bin\jdk-17.0.6\bin\jimage.dll
0x00007ffa39160000 - 0x00007ffa393a2000 	C:\WINDOWS\SYSTEM32\DBGHELP.DLL
0x00007ffa4a880000 - 0x00007ffa4ac0b000 	C:\WINDOWS\System32\combase.dll
0x00007ffa4afe0000 - 0x00007ffa4b0b7000 	C:\WINDOWS\System32\OLEAUT32.dll
0x00007ffa2f0e0000 - 0x00007ffa2f11c000 	C:\WINDOWS\SYSTEM32\dbgcore.DLL
0x00007ffa49e50000 - 0x00007ffa49ef5000 	C:\WINDOWS\System32\bcryptPrimitives.dll
0x00007ffa35f90000 - 0x00007ffa35f9e000 	D:\download\jdk-17.0.6_windows-x64_bin\jdk-17.0.6\bin\instrument.dll
0x00007ffa1a730000 - 0x00007ffa1a755000 	D:\download\jdk-17.0.6_windows-x64_bin\jdk-17.0.6\bin\java.dll
0x00007ff9fec20000 - 0x00007ff9fecf7000 	D:\download\jdk-17.0.6_windows-x64_bin\jdk-17.0.6\bin\jsvml.dll
0x00007ffa4b6a0000 - 0x00007ffa4bdef000 	C:\WINDOWS\System32\SHELL32.dll
0x00007ffa49ce0000 - 0x00007ffa49e4b000 	C:\WINDOWS\System32\wintypes.dll
0x00007ffa47490000 - 0x00007ffa47ced000 	C:\WINDOWS\SYSTEM32\windows.storage.dll
0x00007ffa4ac10000 - 0x00007ffa4ad02000 	C:\WINDOWS\System32\SHCORE.dll
0x00007ffa4b630000 - 0x00007ffa4b697000 	C:\WINDOWS\System32\shlwapi.dll
0x00007ffa49750000 - 0x00007ffa49779000 	C:\WINDOWS\SYSTEM32\profapi.dll
0x00007ffa1d330000 - 0x00007ffa1d348000 	D:\download\jdk-17.0.6_windows-x64_bin\jdk-17.0.6\bin\zip.dll
0x00007ffa225e0000 - 0x00007ffa225f9000 	D:\download\jdk-17.0.6_windows-x64_bin\jdk-17.0.6\bin\net.dll
0x00007ffa41f50000 - 0x00007ffa42078000 	C:\WINDOWS\SYSTEM32\WINHTTP.dll
0x00007ffa48b60000 - 0x00007ffa48bcb000 	C:\WINDOWS\system32\mswsock.dll
0x00007ffa1dac0000 - 0x00007ffa1dad6000 	D:\download\jdk-17.0.6_windows-x64_bin\jdk-17.0.6\bin\nio.dll
0x00007ffa1c460000 - 0x00007ffa1c47a000 	C:\Program Files\JetBrains\IntelliJ IDEA 2022.2.4\bin\breakgen64.dll
0x00007ffa48040000 - 0x00007ffa4816c000 	C:\WINDOWS\SYSTEM32\DNSAPI.dll
0x00007ffa48000000 - 0x00007ffa48034000 	C:\WINDOWS\SYSTEM32\IPHLPAPI.DLL
0x00007ffa4bf70000 - 0x00007ffa4bf7a000 	C:\WINDOWS\System32\NSI.dll
0x00007ffa3f670000 - 0x00007ffa3f67b000 	C:\Windows\System32\rasadhlp.dll
0x00007ffa40b40000 - 0x00007ffa40bc6000 	C:\WINDOWS\System32\fwpuclnt.dll
0x00007ffa385a0000 - 0x00007ffa385aa000 	D:\download\jdk-17.0.6_windows-x64_bin\jdk-17.0.6\bin\management.dll
0x00007ffa37f80000 - 0x00007ffa37f8b000 	D:\download\jdk-17.0.6_windows-x64_bin\jdk-17.0.6\bin\management_ext.dll
0x00007ffa48e30000 - 0x00007ffa48e4b000 	C:\WINDOWS\SYSTEM32\CRYPTSP.dll
0x00007ffa48550000 - 0x00007ffa4858a000 	C:\WINDOWS\system32\rsaenh.dll
0x00007ffa48c10000 - 0x00007ffa48c3b000 	C:\WINDOWS\SYSTEM32\USERENV.dll
0x00007ffa49720000 - 0x00007ffa4974a000 	C:\WINDOWS\SYSTEM32\bcrypt.dll
0x00007ffa48e20000 - 0x00007ffa48e2c000 	C:\WINDOWS\SYSTEM32\CRYPTBASE.dll
0x00007ffa41cb0000 - 0x00007ffa41cce000 	C:\WINDOWS\SYSTEM32\dhcpcsvc6.DLL
0x00007ffa41c80000 - 0x00007ffa41ca3000 	C:\WINDOWS\SYSTEM32\dhcpcsvc.DLL
0x00007ffa1eb00000 - 0x00007ffa1eb18000 	C:\WINDOWS\system32\napinsp.dll
0x00007ffa1dc80000 - 0x00007ffa1dc92000 	C:\WINDOWS\System32\winrnr.dll
0x00007ffa1dc50000 - 0x00007ffa1dc72000 	C:\WINDOWS\system32\nlansp_c.dll
0x00007ffa41f30000 - 0x00007ffa41f46000 	C:\WINDOWS\system32\wshbth.dll
0x00007ffa393b0000 - 0x00007ffa393c0000 	D:\download\jdk-17.0.6_windows-x64_bin\jdk-17.0.6\bin\verify.dll

dbghelp: loaded successfully - version: 4.0.5 - missing functions: none
symbol engine: initialized successfully - sym options: 0x614 - pdb path: .;D:\download\jdk-17.0.6_windows-x64_bin\jdk-17.0.6\bin;C:\WINDOWS\SYSTEM32;C:\WINDOWS\WinSxS\amd64_microsoft.windows.common-controls_6595b64144ccf1df_6.0.26100.7019_none_3e06ffa0e335b8a8;D:\download\jdk-17.0.6_windows-x64_bin\jdk-17.0.6\bin\server;C:\Program Files\JetBrains\IntelliJ IDEA 2022.2.4\bin

VM Arguments:
jvm_args: -XX:TieredStopAtLevel=1 -Dspring.output.ansi.enabled=always -Dcom.sun.management.jmxremote -Dspring.jmx.enabled=true -Dspring.liveBeansView.mbeanDomain -Dspring.application.admin.enabled=true -javaagent:C:\Program Files\JetBrains\IntelliJ IDEA 2022.2.4\lib\idea_rt.jar=60366:C:\Program Files\JetBrains\IntelliJ IDEA 2022.2.4\bin -Dfile.encoding=UTF-8 
java_command: com.elearning.elearning_support.ElearningSupportApplication
java_class_path (initial): D:\download\multiple_exam_2024_early_release\be_java_elearning\elearning_support_backend\target\classes;C:\Users\Phong Vu\.m2\repository\org\springframework\boot\spring-boot-starter\2.7.11\spring-boot-starter-2.7.11.jar;C:\Users\Phong Vu\.m2\repository\org\springframework\boot\spring-boot\2.7.11\spring-boot-2.7.11.jar;C:\Users\Phong Vu\.m2\repository\org\springframework\boot\spring-boot-autoconfigure\2.7.11\spring-boot-autoconfigure-2.7.11.jar;C:\Users\Phong Vu\.m2\repository\org\springframework\boot\spring-boot-starter-logging\2.7.11\spring-boot-starter-logging-2.7.11.jar;C:\Users\Phong Vu\.m2\repository\org\apache\logging\log4j\log4j-to-slf4j\2.17.2\log4j-to-slf4j-2.17.2.jar;C:\Users\Phong Vu\.m2\repository\org\slf4j\jul-to-slf4j\1.7.36\jul-to-slf4j-1.7.36.jar;C:\Users\Phong Vu\.m2\repository\jakarta\annotation\jakarta.annotation-api\1.3.5\jakarta.annotation-api-1.3.5.jar;C:\Users\Phong Vu\.m2\repository\org\springframework\spring-core\5.3.27\spring-core-5.3.27.jar;C:\Users\Phong Vu\.m2\repository\org\springframework\spring-jcl\5.3.27\spring-jcl-5.3.27.jar;C:\Users\Phong Vu\.m2\repository\org\yaml\snakeyaml\1.30\snakeyaml-1.30.jar;C:\Users\Phong Vu\.m2\repository\org\springframework\boot\spring-boot-starter-web\2.7.11\spring-boot-starter-web-2.7.11.jar;C:\Users\Phong Vu\.m2\repository\org\springframework\boot\spring-boot-starter-json\2.7.11\spring-boot-starter-json-2.7.11.jar;C:\Users\Phong Vu\.m2\repository\com\fasterxml\jackson\datatype\jackson-datatype-jdk8\2.13.5\jackson-datatype-jdk8-2.13.5.jar;C:\Users\Phong Vu\.m2\repository\com\fasterxml\jackson\datatype\jackson-datatype-jsr310\2.13.5\jackson-datatype-jsr310-2.13.5.jar;C:\Users\Phong Vu\.m2\repository\com\fasterxml\jackson\module\jackson-module-parameter-names\2.13.5\jackson-module-parameter-names-2.13.5.jar;C:\Users\Phong Vu\.m2\repository\org\springframework\boot\spring-boot-starter-tomcat\2.7.11\spring-boot-starter-tomcat-2.7.11.jar;C:\Users\Phong Vu\.m2\repository\org\apach
Launcher Type: SUN_STANDARD

[Global flags]
     intx CICompilerCount                          = 4                                         {product} {ergonomic}
     uint ConcGCThreads                            = 3                                         {product} {ergonomic}
     uint G1ConcRefinementThreads                  = 10                                        {product} {ergonomic}
   size_t G1HeapRegionSize                         = 2097152                                   {product} {ergonomic}
    uintx GCDrainStackTargetSize                   = 64                                        {product} {ergonomic}
   size_t InitialHeapSize                          = 266338304                                 {product} {ergonomic}
     bool ManagementServer                         = true                                      {product} {command line}
   size_t MarkStackSize                            = 4194304                                   {product} {ergonomic}
   size_t MaxHeapSize                              = 4255121408                                {product} {ergonomic}
   size_t MaxNewSize                               = 2552233984                                {product} {ergonomic}
   size_t MinHeapDeltaBytes                        = 2097152                                   {product} {ergonomic}
   size_t MinHeapSize                              = 8388608                                   {product} {ergonomic}
    uintx NonProfiledCodeHeapSize                  = 0                                      {pd product} {ergonomic}
     bool ProfileInterpreter                       = false                                  {pd product} {command line}
    uintx ProfiledCodeHeapSize                     = 0                                      {pd product} {ergonomic}
   size_t SoftMaxHeapSize                          = 4255121408                             {manageable} {ergonomic}
     intx TieredStopAtLevel                        = 1                                         {product} {command line}
     bool UseCompressedClassPointers               = true                           {product lp64_product} {ergonomic}
     bool UseCompressedOops                        = true                           {product lp64_product} {ergonomic}
     bool UseG1GC                                  = true                                      {product} {ergonomic}
     bool UseLargePagesIndividualAllocation        = false                                  {pd product} {ergonomic}

Logging:
Log output configuration:
 #0: stdout all=warning uptime,level,tags
 #1: stderr all=off uptime,level,tags

Environment Variables:
JAVA_HOME=C:\Program Files\Java\jdk-17
PATH=C:\Program Files\Java\jdk-17\bin;C:\Program Files\Common Files\Oracle\Java\javapath;C:\Program Files (x86)\Common Files\Oracle\Java\javapath;C:\ProgramData\Oracle\Java\javapath;C:\Windows\system32;C:\msys64\ucrt64\bin;C:\Windows;C:\Windows\System32\Wbem;C:\Windows\System32\WindowsPowerShell\v1.0\;C:\Windows\System32\OpenSSH\;C:\Program Files (x86)\NVIDIA Corporation\PhysX\Common;C:\Program Files\NVIDIA Corporation\NVIDIA NvDLISR;C:\WINDOWS\system32;C:\WINDOWS;C:\WINDOWS\System32\Wbem;C:\WINDOWS\System32\WindowsPowerShell\v1.0\;C:\WINDOWS\System32\OpenSSH\;C:\Program Files\Cloudflare\Cloudflare WARP;C:\Program Files\Git\cmd;C:\Program Files\Microsoft SQL Server\Client SDK\ODBC\170\Tools\Binn\;C:\Program Files (x86)\Microsoft SQL Server\150\Tools\Binn\;C:\Program Files\Microsoft SQL Server\150\Tools\Binn\;C:\Program Files\Microsoft SQL Server\150\DTS\Binn\;C:\Program Files (x86)\Microsoft SQL Server\150\DTS\Binn\;C:\Program Files\Azure Data Studio\bin;C:\Program Files\dotnet\;C:\Program Files\nodejs\;C:\Program Files\NVIDIA Corporation\Nsight Compute 2022.3.0\;D:\Visual Studio\VC\Tools\MSVC\14.35.32215\bin\Hostx86\x86;C:\msys64\mingw64\bin;C:\Program Files\PowerShell\7\;C:\msys64\mingw64\bin;C:\msys64\ucrt64\bin;C:\Users\Phong Vu\AppData\Local\Programs\Python\Python312\Scripts\;C:\Users\Phong Vu\AppData\Local\Programs\Python\Python312\;C:\Users\Phong Vu\AppData\Local\Programs\Microsoft VS Code\bin;D:\\win64;C:\modeltech64_10.5\win64;C:\Users\Phong Vu\AppData\Local\gitkraken\bin;C:\Users\Phong Vu\AppData\Roaming\npm;C:\ProgramData\Phong Vu\GitHubDesktop\bin;C:\Users\Phong Vu\AppData\Local\GitHubDesktop\bin;C:\Users\Phong Vu\AppData\Local\Microsoft\WindowsApps;D:\Visual Studio\VC\Tools\MSVC\14.35.32215\bin\Hostx86\x86;D:\download\opencv\build\x64\vc16\bin;
USERNAME=Phong Vu
OS=Windows_NT
PROCESSOR_IDENTIFIER=Intel64 Family 6 Model 158 Stepping 10, GenuineIntel



---------------  S Y S T E M  ---------------

OS:
 Windows 11 , 64 bit Build 26100 (10.0.26100.7019)
OS uptime: 16 days 16:00 hours

CPU: total 12 (initial active 12) (6 cores per cpu, 2 threads per core) family 6 model 158 stepping 10 microcode 0xde, cx8, cmov, fxsr, ht, mmx, 3dnowpref, sse, sse2, sse3, ssse3, sse4.1, sse4.2, popcnt, lzcnt, tsc, tscinvbit, avx, avx2, aes, erms, clmul, bmi1, bmi2, adx, fma, vzeroupper, clflush, clflushopt

Memory: 4k page, system-wide physical 16226M (784M free)
TotalPageFile size 21754M (AvailPageFile size 240M)
current process WorkingSet (physical memory assigned to process): 179M, peak: 179M
current process commit charge ("private bytes"): 231M, peak: 387M

vm_info: Java HotSpot(TM) 64-Bit Server VM (17.0.6+9-LTS-190) for windows-amd64 JRE (17.0.6+9-LTS-190), built on Dec  6 2022 15:53:54 by "mach5one" with MS VC++ 17.1 (VS2022)

END.
